[2026-07-23T07:01:13.672Z] WS on :3002
[2026-07-23T07:01:13.678Z] HTTP on :3001
[2026-07-23T07:01:14.005Z] Extension connected
[2026-07-23T07:04:51.662Z] Extension disconnected
[2026-07-23T07:04:51.806Z] Extension connected
[2026-07-23T07:05:13.211Z] Sent: id=1 type=navigate
[2026-07-23T07:05:14.214Z] Result: id=1
[2026-07-23T07:05:19.183Z] Sent: id=2 type=extract
[2026-07-23T07:05:19.186Z] Result: id=2
[2026-07-23T07:05:22.860Z] Sent: id=3 type=screenshot
[2026-07-23T07:05:22.927Z] Result: id=3
[2026-07-23T07:06:12.271Z] Sent: id=4 type=navigate
[2026-07-23T07:06:16.887Z] Result: id=4
[2026-07-23T07:06:21.903Z] Sent: id=5 type=click
[2026-07-23T07:06:21.914Z] Result: id=5
[2026-07-23T07:06:27.078Z] Sent: id=6 type=type
[2026-07-23T07:06:27.080Z] Error: id=6 Error in invocation of scripting.executeScript(scripting.ScriptInjection injection, optional function callback): Error at parameter 'injection': Error at property 'args': Error at index 1: Value is unserializable.
[2026-07-23T07:06:32.669Z] Sent: id=7 type=type
[2026-07-23T07:06:32.672Z] Result: id=7
[2026-07-23T07:06:38.514Z] Sent: id=8 type=type
[2026-07-23T07:06:38.537Z] Result: id=8
[2026-07-23T07:06:42.799Z] Sent: id=9 type=type
[2026-07-23T07:06:42.807Z] Result: id=9
[2026-07-23T07:06:47.850Z] Sent: id=10 type=click
[2026-07-23T07:06:47.859Z] Result: id=10
[2026-07-23T07:07:27.965Z] Sent: id=11 type=click
[2026-07-23T07:07:27.967Z] Result: id=11
[2026-07-23T07:07:32.705Z] Sent: id=12 type=eval
[2026-07-23T07:07:32.707Z] Result: id=12
[2026-07-23T07:07:36.835Z] Sent: id=13 type=eval
[2026-07-23T07:07:36.837Z] Result: id=13
[2026-07-23T07:07:43.574Z] Sent: id=14 type=screenshot
[2026-07-23T07:07:43.664Z] Result: id=14
[2026-07-23T07:07:49.459Z] Sent: id=15 type=eval
[2026-07-23T07:07:49.461Z] Result: id=15
[2026-07-23T07:07:56.126Z] Sent: id=16 type=eval
[2026-07-23T07:07:56.128Z] Result: id=16
[2026-07-23T07:08:02.734Z] Sent: id=17 type=navigate
[2026-07-23T07:08:24.359Z] Sent: id=18 type=navigate
[2026-07-23T07:08:28.016Z] Result: id=18
[2026-07-23T07:08:32.601Z] Sent: id=19 type=click
[2026-07-23T07:08:32.613Z] Result: id=19
[2026-07-23T07:08:37.364Z] Sent: id=20 type=eval
[2026-07-23T07:08:37.367Z] Result: id=20
[2026-07-23T07:08:44.432Z] Sent: id=21 type=eval
[2026-07-23T07:08:44.435Z] Result: id=21
[2026-07-23T07:08:51.667Z] Sent: id=22 type=eval
[2026-07-23T07:08:51.670Z] Result: id=22
[2026-07-23T07:09:13.422Z] Sent: id=23 type=type
[2026-07-23T07:09:13.425Z] Result: id=23
[2026-07-23T07:09:19.318Z] Sent: id=24 type=extract
[2026-07-23T07:09:19.320Z] Result: id=24
[2026-07-23T07:09:24.075Z] Sent: id=25 type=extract
[2026-07-23T07:09:24.078Z] Result: id=25
[2026-07-23T07:09:27.974Z] Sent: id=26 type=type
[2026-07-23T07:09:27.986Z] Result: id=26
[2026-07-23T07:09:32.323Z] Sent: id=27 type=extract
[2026-07-23T07:09:32.326Z] Result: id=27
[2026-07-23T07:09:36.421Z] Sent: id=28 type=type
[2026-07-23T07:09:36.430Z] Result: id=28
[2026-07-23T07:09:39.959Z] Sent: id=29 type=type
[2026-07-23T07:09:39.976Z] Result: id=29
[2026-07-23T07:09:43.664Z] Sent: id=30 type=click
[2026-07-23T07:09:43.704Z] Result: id=30
[2026-07-23T07:09:49.662Z] Sent: id=31 type=extract
[2026-07-23T07:09:49.664Z] Result: id=31
[2026-07-23T07:09:54.330Z] Sent: id=32 type=eval
[2026-07-23T07:09:54.332Z] Result: id=32
